<?xml version="1.0" encoding="UTF-8"?>
<testng-results ignored="0" total="1" passed="1" failed="0" skipped="0">
  <reporter-output>
  </reporter-output>
  <suite started-at="2023-07-19T10:25:37 IST" name="Default suite" finished-at="2023-07-19T10:25:41 IST" duration-ms="3745">
    <groups>
    </groups>
    <test started-at="2023-07-19T10:25:37 IST" name="Default test" finished-at="2023-07-19T10:25:41 IST" duration-ms="3745">
      <class name="amazon.JenkinsDemo.VerifyTitle">
        <test-method is-config="true" signature="launchApplication()[pri:0, instance:amazon.JenkinsDemo.VerifyTitle@1ed4ae0f]" started-at="2023-07-19T10:25:37 IST" name="launchApplication" finished-at="2023-07-19T10:25:41 IST" duration-ms="3553" status="PASS">
          <reporter-output>
          </reporter-output>
        </test-method> <!-- launchApplication -->
        <test-method signature="titleverification()[pri:0, instance:amazon.JenkinsDemo.VerifyTitle@1ed4ae0f]" started-at="2023-07-19T10:25:41 IST" name="titleverification" finished-at="2023-07-19T10:25:41 IST" duration-ms="9" status="PASS">
          <reporter-output>
          </reporter-output>
        </test-method> <!-- titleverification -->
        <test-method is-config="true" signature="closeBrowser()[pri:0, instance:amazon.JenkinsDemo.VerifyTitle@1ed4ae0f]" started-at="2023-07-19T10:25:41 IST" name="closeBrowser" finished-at="2023-07-19T10:25:41 IST" duration-ms="149" status="PASS">
          <reporter-output>
          </reporter-output>
        </test-method> <!-- closeBrowser -->
      </class> <!-- amazon.JenkinsDemo.VerifyTitle -->
    </test> <!-- Default test -->
  </suite> <!-- Default suite -->
</testng-results>
